rm -f lib.o main
g++ -g -fsanitize=address -Wall -c lib.c -o lib.o -DCOND
g++ -g -fsanitize=address -Wall main.c lib.o -o main
./main
=================================================================
==63019==ERROR: AddressSanitizer: heap-buffer-overflow on address 0x602000000014 at pc 0x559fde4a1512 bp 0x7ffc24f658b0 sp 0x7ffc24f658a0
WRITE of size 4 at 0x602000000014 thread T0
    #0 0x559fde4a1511 in lib::lib() /home/user_name/C/heap-buffer-overflow/lib.c:8
    #1 0x559fde4a136c in main /home/user_name/C/heap-buffer-overflow/main.c:7
    #2 0x7fcc0abee082 in __libc_start_main ../csu/libc-start.c:308
    #3 0x559fde4a128d in _start (/home/user_name/C/heap-buffer-overflow/main+0x128d)

0x602000000014 is located 0 bytes to the right of 4-byte region [0x602000000010,0x602000000014)
allocated by thread T0 here:
    #0 0x7fcc0b217587 in operator new(unsigned long) ../../../../src/libsanitizer/asan/asan_new_delete.cc:104
    #1 0x559fde4a1361 in main /home/user_name/C/heap-buffer-overflow/main.c:7
    #2 0x7fcc0abee082 in __libc_start_main ../csu/libc-start.c:308

SUMMARY: AddressSanitizer: heap-buffer-overflow /home/user_name/C/heap-buffer-overflow/lib.c:8 in lib::lib()
Shadow bytes around the buggy address:
  0x0c047fff7fb0: 00 00 00 00 00 00 00 00 00 00 00 00 00 00 00 00
  0x0c047fff7fc0: 00 00 00 00 00 00 00 00 00 00 00 00 00 00 00 00
  0x0c047fff7fd0: 00 00 00 00 00 00 00 00 00 00 00 00 00 00 00 00
  0x0c047fff7fe0: 00 00 00 00 00 00 00 00 00 00 00 00 00 00 00 00
  0x0c047fff7ff0: 00 00 00 00 00 00 00 00 00 00 00 00 00 00 00 00
=>0x0c047fff8000: fa fa[04]fa fa fa fa fa fa fa fa fa fa fa fa fa
  0x0c047fff8010: fa fa fa fa fa fa fa fa fa fa fa fa fa fa fa fa
  0x0c047fff8020: fa fa fa fa fa fa fa fa fa fa fa fa fa fa fa fa
  0x0c047fff8030: fa fa fa fa fa fa fa fa fa fa fa fa fa fa fa fa
  0x0c047fff8040: fa fa fa fa fa fa fa fa fa fa fa fa fa fa fa fa
  0x0c047fff8050: fa fa fa fa fa fa fa fa fa fa fa fa fa fa fa fa
Shadow byte legend (one shadow byte represents 8 application bytes):
  Addressable:           00
  Partially addressable: 01 02 03 04 05 06 07 
  Heap left redzone:       fa
  Freed heap region:       fd
  Stack left redzone:      f1
  Stack mid redzone:       f2
  Stack right redzone:     f3
  Stack after return:      f5
  Stack use after scope:   f8
  Global redzone:          f9
  Global init order:       f6
  Poisoned by user:        f7
  Container overflow:      fc
  Array cookie:            ac
  Intra object redzone:    bb
  ASan internal:           fe
  Left alloca redzone:     ca
  Right alloca redzone:    cb
  Shadow gap:              cc
==63019==ABORTING
make: *** [Makefile:59: run] Error 1
